<?xml version="1.0" encoding="UTF-8"?>
<!-- Generated by org.testng.reporters.JUnitReportReporter -->
<testsuite skipped="0" hostname="CIPL-8PC50" name="com.j2.test.TestSuite" tests="1" failures="0" timestamp="20 Sep 2018 07:28:37 GMT" time="41.444" errors="0">
  <testcase name="TrackTrace_Verify_Ascending_Order" time="41.444" classname="com.j2.test.TestSuite"/>
</testsuite> <!-- com.j2.test.TestSuite -->
