<?xml version="1.0" encoding="UTF-8"?>
<!-- Generated by org.testng.reporters.JUnitReportReporter -->
<testsuite skipped="0" hostname="CIPL-8PC50" name="com.j2.test.TestSuite" tests="2" failures="0" timestamp="21 Nov 2018 04:43:54 GMT" time="110.634" errors="0">
  <testcase name="TrackTrace_Verify_table" time="101.408" classname="com.j2.test.TestSuite"/>
  <testcase name="TrackTrace_Verify_Table_Chronology" time="9.226" classname="com.j2.test.TestSuite"/>
</testsuite> <!-- com.j2.test.TestSuite -->
