<?xml version="1.0" encoding="UTF-8"?>
<!-- Generated by org.testng.reporters.JUnitReportReporter -->
<testsuite skipped="0" hostname="CIPL-8PC50" name="com.j2.test.TestSuite" tests="1" failures="0" timestamp="05 Sep 2018 13:28:57 GMT" time="35.884" errors="0">
  <testcase name="TC_1" time="35.884" classname="com.j2.test.TestSuite"/>
</testsuite> <!-- com.j2.test.TestSuite -->
